[31m[1mWARNING: This is a development server. Do not use it in a production deployment. Use a production WSGI server instead.[0m
 * Running on http://127.0.0.1:5000
[33mPress CTRL+C to quit[0m
 * Restarting with stat
 * Debugger is active!
 * Debugger PIN: 295-227-392
127.0.0.1 - - [20/Feb/2024 17:36:23] "GET / HTTP/1.1" 200 -
127.0.0.1 - - [20/Feb/2024 17:36:23] "GET /swaggerui/droid-sans.css HTTP/1.1" 200 -
127.0.0.1 - - [20/Feb/2024 17:36:23] "GET /swaggerui/swagger-ui-bundle.js HTTP/1.1" 200 -
127.0.0.1 - - [20/Feb/2024 17:36:23] "GET /swaggerui/swagger-ui-standalone-preset.js HTTP/1.1" 200 -
127.0.0.1 - - [20/Feb/2024 17:36:23] "GET /swaggerui/swagger-ui.css HTTP/1.1" 200 -
127.0.0.1 - - [20/Feb/2024 17:36:24] "GET /swagger.json HTTP/1.1" 200 -
127.0.0.1 - - [20/Feb/2024 17:36:24] "GET /swaggerui/favicon-32x32.png HTTP/1.1" 200 -
 * Detected change in 'C:\\Users\\ASUS\\Documents\\GitHub\\WhoPaidLah\\whopaidlah_backend\\main.py', reloading
 * Restarting with stat
 * Debugger is active!
 * Debugger PIN: 295-227-392
 * Detected change in 'C:\\Users\\ASUS\\Documents\\GitHub\\WhoPaidLah\\whopaidlah_backend\\main.py', reloading
 * Restarting with stat
 * Debugger is active!
 * Debugger PIN: 295-227-392
127.0.0.1 - - [20/Feb/2024 17:51:03] "[35m[1mPOST /whopaidlah/processImage HTTP/1.1[0m" 201 -
127.0.0.1 - - [20/Feb/2024 17:52:09] "[35m[1mPOST /whopaidlah/processImage HTTP/1.1[0m" 201 -
[31m[1mWARNING: This is a development server. Do not use it in a production deployment. Use a production WSGI server instead.[0m
 * Running on http://127.0.0.1:5000
[33mPress CTRL+C to quit[0m
 * Restarting with stat
 * Debugger is active!
 * Debugger PIN: 513-274-747
127.0.0.1 - - [20/Feb/2024 22:29:40] "[35m[1mPOST /whopaidlah/processImage HTTP/1.1[0m" 201 -
127.0.0.1 - - [20/Feb/2024 22:34:02] "[35m[1mPOST /whopaidlah/processImage HTTP/1.1[0m" 201 -
127.0.0.1 - - [20/Feb/2024 22:43:47] "OPTIONS /whopaidlah/processImage HTTP/1.1" 200 -
127.0.0.1 - - [20/Feb/2024 22:44:12] "OPTIONS /whopaidlah/processImage HTTP/1.1" 200 -
 * Detected change in 'C:\\Users\\stephen\\Dropbox\\PC\\Documents\\GitHub_Repos\\WhoPaidLah\\whopaidlah_backend\\main.py', reloading
 * Restarting with stat
 * Debugger is active!
 * Debugger PIN: 513-274-747
127.0.0.1 - - [20/Feb/2024 22:52:51] "OPTIONS /whopaidlah/processImage HTTP/1.1" 200 -
127.0.0.1 - - [20/Feb/2024 23:15:58] "[35m[1mPOST /whopaidlah/processImage HTTP/1.1[0m" 201 -
 * Detected change in 'C:\\Users\\stephen\\Dropbox\\PC\\Documents\\GitHub_Repos\\WhoPaidLah\\whopaidlah_backend\\main.py', reloading
 * Restarting with stat
 * Debugger is active!
 * Debugger PIN: 513-274-747
127.0.0.1 - - [20/Feb/2024 23:16:15] "[35m[1mPOST /whopaidlah/processImage HTTP/1.1[0m" 201 -
 * Detected change in 'C:\\Users\\stephen\\Dropbox\\PC\\Documents\\GitHub_Repos\\WhoPaidLah\\whopaidlah_backend\\main.py', reloading
 * Restarting with stat
 * Debugger is active!
 * Debugger PIN: 513-274-747
 * Detected change in 'C:\\Users\\stephen\\Dropbox\\PC\\Documents\\GitHub_Repos\\WhoPaidLah\\whopaidlah_backend\\main.py', reloading
 * Restarting with stat
 * Debugger is active!
 * Debugger PIN: 513-274-747
 * Detected change in 'C:\\Users\\stephen\\Dropbox\\PC\\Documents\\GitHub_Repos\\WhoPaidLah\\whopaidlah_backend\\main.py', reloading
 * Restarting with stat
 * Debugger is active!
 * Debugger PIN: 513-274-747
 * Detected change in 'C:\\Users\\stephen\\Dropbox\\PC\\Documents\\GitHub_Repos\\WhoPaidLah\\whopaidlah_backend\\main.py', reloading
 * Restarting with stat
 * Debugger is active!
 * Debugger PIN: 513-274-747
main.py : ProcessImage Failed. name 'request' is not defined
127.0.0.1 - - [20/Feb/2024 23:23:01] "[35m[1mPOST /whopaidlah/processImage HTTP/1.1[0m" 500 -
 * Detected change in 'C:\\Users\\stephen\\Dropbox\\PC\\Documents\\GitHub_Repos\\WhoPaidLah\\whopaidlah_backend\\main.py', reloading
 * Restarting with stat
 * Debugger is active!
 * Debugger PIN: 513-274-747
127.0.0.1 - - [20/Feb/2024 23:25:07] "[35m[1mPOST /whopaidlah/processImage HTTP/1.1[0m" 201 -
 * Detected change in 'C:\\Users\\stephen\\Dropbox\\PC\\Documents\\GitHub_Repos\\WhoPaidLah\\whopaidlah_backend\\main.py', reloading
 * Restarting with stat
 * Debugger is active!
 * Debugger PIN: 513-274-747
127.0.0.1 - - [20/Feb/2024 23:25:25] "[35m[1mPOST /whopaidlah/processImage HTTP/1.1[0m" 201 -
127.0.0.1 - - [20/Feb/2024 23:25:26] "[35m[1mPOST /whopaidlah/processImage HTTP/1.1[0m" 201 -
127.0.0.1 - - [20/Feb/2024 23:25:29] "[35m[1mPOST /whopaidlah/processImage HTTP/1.1[0m" 201 -
 * Detected change in 'C:\\Users\\stephen\\Dropbox\\PC\\Documents\\GitHub_Repos\\WhoPaidLah\\whopaidlah_backend\\main.py', reloading
 * Restarting with stat
 * Debugger is active!
 * Debugger PIN: 513-274-747
127.0.0.1 - - [20/Feb/2024 23:27:29] "[35m[1mPOST /whopaidlah/processImage HTTP/1.1[0m" 201 -
127.0.0.1 - - [20/Feb/2024 23:27:41] "[35m[1mPOST /whopaidlah/processImage HTTP/1.1[0m" 201 -
127.0.0.1 - - [20/Feb/2024 23:27:42] "[35m[1mPOST /whopaidlah/processImage HTTP/1.1[0m" 201 -
127.0.0.1 - - [20/Feb/2024 23:28:18] "OPTIONS /whopaidlah/processImage HTTP/1.1" 200 -
127.0.0.1 - - [20/Feb/2024 23:28:30] "OPTIONS /whopaidlah/processImage HTTP/1.1" 200 -
 * Detected change in 'C:\\Users\\stephen\\Dropbox\\PC\\Documents\\GitHub_Repos\\WhoPaidLah\\whopaidlah_backend\\main.py', reloading
 * Restarting with stat
 * Debugger is active!
 * Debugger PIN: 513-274-747
 * Detected change in 'C:\\Users\\stephen\\Dropbox\\PC\\Documents\\GitHub_Repos\\WhoPaidLah\\whopaidlah_backend\\main.py', reloading
 * Restarting with stat
 * Debugger is active!
 * Debugger PIN: 513-274-747
127.0.0.1 - - [20/Feb/2024 23:29:47] "OPTIONS /whopaidlah/processImage HTTP/1.1" 200 -
127.0.0.1 - - [20/Feb/2024 23:29:47] "[35m[1mPOST /whopaidlah/processImage HTTP/1.1[0m" 201 -
127.0.0.1 - - [20/Feb/2024 23:32:13] "OPTIONS /whopaidlah/processImage HTTP/1.1" 200 -
127.0.0.1 - - [20/Feb/2024 23:32:13] "[35m[1mPOST /whopaidlah/processImage HTTP/1.1[0m" 201 -
127.0.0.1 - - [20/Feb/2024 23:32:38] "[35m[1mPOST /whopaidlah/processImage HTTP/1.1[0m" 201 -
127.0.0.1 - - [20/Feb/2024 23:34:00] "OPTIONS /whopaidlah/processImage HTTP/1.1" 200 -
127.0.0.1 - - [20/Feb/2024 23:34:01] "[35m[1mPOST /whopaidlah/processImage HTTP/1.1[0m" 201 -
127.0.0.1 - - [20/Feb/2024 23:36:03] "[35m[1mPOST /whopaidlah/processImage HTTP/1.1[0m" 201 -
127.0.0.1 - - [20/Feb/2024 23:36:16] "[35m[1mPOST /whopaidlah/processImage HTTP/1.1[0m" 201 -
[31m[1mWARNING: This is a development server. Do not use it in a production deployment. Use a production WSGI server instead.[0m
 * Running on http://127.0.0.1:5000
[33mPress CTRL+C to quit[0m
 * Restarting with stat
 * Debugger is active!
 * Debugger PIN: 126-303-450
 * Detected change in 'C:\\Users\\stephen\\Dropbox\\PC\\Documents\\GitHub_Repos\\WhoPaidLah\\whopaidlah_backend\\main.py', reloading
 * Restarting with stat
 * Debugger is active!
 * Debugger PIN: 126-303-450
 * Detected change in 'C:\\Users\\stephen\\Dropbox\\PC\\Documents\\GitHub_Repos\\WhoPaidLah\\whopaidlah_backend\\main.py', reloading
 * Restarting with stat
 * Debugger is active!
 * Debugger PIN: 126-303-450
 * Detected change in 'C:\\Users\\stephen\\Dropbox\\PC\\Documents\\GitHub_Repos\\WhoPaidLah\\whopaidlah_backend\\main.py', reloading
 * Restarting with stat
 * Debugger is active!
 * Debugger PIN: 126-303-450
 * Detected change in 'C:\\Users\\stephen\\Dropbox\\PC\\Documents\\GitHub_Repos\\WhoPaidLah\\whopaidlah_backend\\main.py', reloading
 * Restarting with stat
 * Debugger is active!
 * Debugger PIN: 126-303-450
 * Detected change in 'C:\\Users\\stephen\\Dropbox\\PC\\Documents\\GitHub_Repos\\WhoPaidLah\\whopaidlah_backend\\main.py', reloading
 * Restarting with stat
 * Debugger is active!
 * Debugger PIN: 126-303-450
 * Detected change in 'C:\\Users\\stephen\\Dropbox\\PC\\Documents\\GitHub_Repos\\WhoPaidLah\\whopaidlah_backend\\main.py', reloading
 * Restarting with stat
 * Debugger is active!
 * Debugger PIN: 126-303-450
[31m[1mWARNING: This is a development server. Do not use it in a production deployment. Use a production WSGI server instead.[0m
 * Running on http://127.0.0.1:5000
[33mPress CTRL+C to quit[0m
 * Restarting with stat
 * Debugger is active!
 * Debugger PIN: 164-524-151
[31m[1mWARNING: This is a development server. Do not use it in a production deployment. Use a production WSGI server instead.[0m
 * Running on http://127.0.0.1:5000
[33mPress CTRL+C to quit[0m
 * Restarting with stat
 * Debugger is active!
 * Debugger PIN: 164-524-151
main.py : ProcessImage Failed. tesseract is not installed or it's not in your PATH. See README file for more information.
127.0.0.1 - - [22/Feb/2024 15:11:21] "[35m[1mPOST /whopaidlah/processImage HTTP/1.1[0m" 500 -
 * Detected change in 'C:\\Users\\ASUS\\Documents\\GitHub\\WhoPaidLah\\whopaidlah_backend\\main.py', reloading
 * Restarting with stat
 * Debugger is active!
 * Debugger PIN: 164-524-151
 * Detected change in 'C:\\Users\\ASUS\\Documents\\GitHub\\WhoPaidLah\\whopaidlah_backend\\main.py', reloading
 * Restarting with stat
 * Debugger is active!
 * Debugger PIN: 164-524-151
 * Detected change in 'C:\\Users\\ASUS\\Documents\\GitHub\\WhoPaidLah\\whopaidlah_backend\\main.py', reloading
 * Restarting with stat
 * Debugger is active!
 * Debugger PIN: 164-524-151
 * Detected change in 'C:\\Users\\ASUS\\Documents\\GitHub\\WhoPaidLah\\whopaidlah_backend\\main.py', reloading
 * Restarting with stat
 * Debugger is active!
 * Debugger PIN: 164-524-151
 * Detected change in 'C:\\Users\\ASUS\\Documents\\GitHub\\WhoPaidLah\\whopaidlah_backend\\main.py', reloading
 * Restarting with stat
 * Debugger is active!
 * Debugger PIN: 164-524-151
 * Detected change in 'C:\\Users\\ASUS\\Documents\\GitHub\\WhoPaidLah\\whopaidlah_backend\\main.py', reloading
 * Restarting with stat
[31m[1mWARNING: This is a development server. Do not use it in a production deployment. Use a production WSGI server instead.[0m
 * Running on http://127.0.0.1:5000
[33mPress CTRL+C to quit[0m
 * Restarting with stat
 * Debugger is active!
 * Debugger PIN: 164-524-151
main.py : ProcessImage Failed. 13
127.0.0.1 - - [22/Feb/2024 15:49:57] "[35m[1mPOST /whopaidlah/processImage HTTP/1.1[0m" 500 -
 * Detected change in 'C:\\Users\\ASUS\\Documents\\GitHub\\WhoPaidLah\\whopaidlah_backend\\main.py', reloading
 * Restarting with stat
[31m[1mWARNING: This is a development server. Do not use it in a production deployment. Use a production WSGI server instead.[0m
 * Running on http://127.0.0.1:5000
[33mPress CTRL+C to quit[0m
 * Restarting with stat
 * Debugger is active!
 * Debugger PIN: 164-524-151
127.0.0.1 - - [22/Feb/2024 15:50:26] "[35m[1mPOST /whopaidlah/processImage HTTP/1.1[0m" 500 -
 * Detected change in 'C:\\Users\\ASUS\\Documents\\GitHub\\WhoPaidLah\\whopaidlah_backend\\main.py', reloading
 * Restarting with stat
 * Debugger is active!
 * Debugger PIN: 164-524-151
 * Detected change in 'C:\\Users\\ASUS\\Documents\\GitHub\\WhoPaidLah\\whopaidlah_backend\\main.py', reloading
 * Restarting with stat
 * Debugger is active!
 * Debugger PIN: 164-524-151
 * Detected change in 'C:\\Users\\ASUS\\Documents\\GitHub\\WhoPaidLah\\whopaidlah_backend\\main.py', reloading
 * Restarting with stat
 * Debugger is active!
 * Debugger PIN: 164-524-151
 * Detected change in 'C:\\Users\\ASUS\\Documents\\GitHub\\WhoPaidLah\\whopaidlah_backend\\main.py', reloading
 * Restarting with stat
 * Debugger is active!
 * Debugger PIN: 164-524-151
 * Detected change in 'C:\\Users\\ASUS\\Documents\\GitHub\\WhoPaidLah\\whopaidlah_backend\\main.py', reloading
 * Restarting with stat
 * Debugger is active!
 * Debugger PIN: 164-524-151
127.0.0.1 - - [22/Feb/2024 15:51:50] "[35m[1mPOST /whopaidlah/processImage HTTP/1.1[0m" 201 -
[31m[1mWARNING: This is a development server. Do not use it in a production deployment. Use a production WSGI server instead.[0m
 * Running on http://127.0.0.1:5000
[33mPress CTRL+C to quit[0m
 * Restarting with stat
 * Debugger is active!
 * Debugger PIN: 164-524-151
127.0.0.1 - - [22/Feb/2024 16:06:11] "[35m[1mPOST /whopaidlah/processImage HTTP/1.1[0m" 201 -
[31m[1mWARNING: This is a development server. Do not use it in a production deployment. Use a production WSGI server instead.[0m
 * Running on http://127.0.0.1:5000
[33mPress CTRL+C to quit[0m
 * Restarting with stat
 * Debugger is active!
 * Debugger PIN: 164-524-151
127.0.0.1 - - [22/Feb/2024 16:07:14] "[35m[1mPOST /whopaidlah/processImage HTTP/1.1[0m" 201 -
 * Detected change in 'C:\\Users\\ASUS\\Documents\\GitHub\\WhoPaidLah\\whopaidlah_backend\\main.py', reloading
 * Restarting with stat
 * Debugger is active!
 * Debugger PIN: 164-524-151
 * Detected change in 'C:\\Users\\ASUS\\Documents\\GitHub\\WhoPaidLah\\whopaidlah_backend\\main.py', reloading
 * Restarting with stat
 * Debugger is active!
 * Debugger PIN: 164-524-151
 * Detected change in 'C:\\Users\\ASUS\\Documents\\GitHub\\WhoPaidLah\\whopaidlah_backend\\main.py', reloading
 * Restarting with stat
 * Debugger is active!
 * Debugger PIN: 164-524-151
 * Detected change in 'C:\\Users\\ASUS\\Documents\\GitHub\\WhoPaidLah\\whopaidlah_backend\\main.py', reloading
 * Restarting with stat
[31m[1mWARNING: This is a development server. Do not use it in a production deployment. Use a production WSGI server instead.[0m
 * Running on http://127.0.0.1:5000
[33mPress CTRL+C to quit[0m
 * Restarting with stat
 * Debugger is active!
 * Debugger PIN: 164-524-151
127.0.0.1 - - [22/Feb/2024 16:10:20] "[35m[1mPOST /whopaidlah/processImage HTTP/1.1[0m" 201 -
 * Detected change in 'C:\\Users\\ASUS\\Documents\\GitHub\\WhoPaidLah\\whopaidlah_backend\\main.py', reloading
 * Restarting with stat
 * Debugger is active!
 * Debugger PIN: 164-524-151
[31m[1mWARNING: This is a development server. Do not use it in a production deployment. Use a production WSGI server instead.[0m
 * Running on http://127.0.0.1:5000
[33mPress CTRL+C to quit[0m
 * Restarting with stat
 * Debugger is active!
 * Debugger PIN: 164-524-151
127.0.0.1 - - [22/Feb/2024 16:11:23] "[35m[1mPOST /whopaidlah/processImage HTTP/1.1[0m" 201 -
[31m[1mWARNING: This is a development server. Do not use it in a production deployment. Use a production WSGI server instead.[0m
 * Running on http://127.0.0.1:5000
[33mPress CTRL+C to quit[0m
 * Restarting with stat
 * Debugger is active!
 * Debugger PIN: 164-524-151
127.0.0.1 - - [22/Feb/2024 16:11:57] "[35m[1mPOST /whopaidlah/processImage HTTP/1.1[0m" 201 -
 * Detected change in 'C:\\Users\\ASUS\\Documents\\GitHub\\WhoPaidLah\\whopaidlah_backend\\main.py', reloading
 * Restarting with stat
 * Debugger is active!
 * Debugger PIN: 164-524-151
[31m[1mWARNING: This is a development server. Do not use it in a production deployment. Use a production WSGI server instead.[0m
 * Running on http://127.0.0.1:5000
[33mPress CTRL+C to quit[0m
 * Restarting with stat
 * Debugger is active!
 * Debugger PIN: 164-524-151
127.0.0.1 - - [22/Feb/2024 16:12:30] "[35m[1mPOST /whopaidlah/processImage HTTP/1.1[0m" 201 -
 * Detected change in 'C:\\Users\\ASUS\\Documents\\GitHub\\WhoPaidLah\\whopaidlah_backend\\main.py', reloading
 * Restarting with stat
[31m[1mWARNING: This is a development server. Do not use it in a production deployment. Use a production WSGI server instead.[0m
 * Running on http://127.0.0.1:5000
[33mPress CTRL+C to quit[0m
 * Restarting with stat
 * Debugger is active!
 * Debugger PIN: 164-524-151
127.0.0.1 - - [22/Feb/2024 16:13:15] "[35m[1mPOST /whopaidlah/processImage HTTP/1.1[0m" 500 -
 * Detected change in 'C:\\Users\\ASUS\\Documents\\GitHub\\WhoPaidLah\\whopaidlah_backend\\main.py', reloading
 * Restarting with stat
 * Debugger is active!
 * Debugger PIN: 164-524-151
127.0.0.1 - - [22/Feb/2024 16:13:34] "[35m[1mPOST /whopaidlah/processImage HTTP/1.1[0m" 201 -
127.0.0.1 - - [22/Feb/2024 16:19:20] "[35m[1mPOST /whopaidlah/processImage HTTP/1.1[0m" 201 -
[31m[1mWARNING: This is a development server. Do not use it in a production deployment. Use a production WSGI server instead.[0m
 * Running on http://127.0.0.1:5000
[33mPress CTRL+C to quit[0m
 * Restarting with stat
 * Debugger is active!
 * Debugger PIN: 164-524-151
127.0.0.1 - - [22/Feb/2024 16:23:25] "[35m[1mPOST /whopaidlah/processImage HTTP/1.1[0m" 201 -
 * Detected change in 'C:\\Users\\ASUS\\Documents\\GitHub\\WhoPaidLah\\whopaidlah_backend\\main.py', reloading
 * Restarting with stat
 * Debugger is active!
 * Debugger PIN: 164-524-151
127.0.0.1 - - [22/Feb/2024 16:24:11] "[35m[1mPOST /whopaidlah/processImage HTTP/1.1[0m" 500 -
 * Detected change in 'C:\\Users\\ASUS\\Documents\\GitHub\\WhoPaidLah\\whopaidlah_backend\\main.py', reloading
 * Restarting with stat
 * Debugger is active!
 * Debugger PIN: 164-524-151
127.0.0.1 - - [22/Feb/2024 16:24:51] "[35m[1mPOST /whopaidlah/processImage HTTP/1.1[0m" 500 -
 * Detected change in 'C:\\Users\\ASUS\\Documents\\GitHub\\WhoPaidLah\\whopaidlah_backend\\main.py', reloading
 * Restarting with stat
[31m[1mWARNING: This is a development server. Do not use it in a production deployment. Use a production WSGI server instead.[0m
 * Running on http://127.0.0.1:5000
[33mPress CTRL+C to quit[0m
 * Restarting with stat
 * Debugger is active!
 * Debugger PIN: 164-524-151
127.0.0.1 - - [22/Feb/2024 16:25:23] "[35m[1mPOST /whopaidlah/processImage HTTP/1.1[0m" 500 -
[31m[1mWARNING: This is a development server. Do not use it in a production deployment. Use a production WSGI server instead.[0m
 * Running on http://127.0.0.1:5000
[33mPress CTRL+C to quit[0m
 * Restarting with stat
 * Debugger is active!
 * Debugger PIN: 164-524-151
127.0.0.1 - - [22/Feb/2024 16:42:00] "[35m[1mPOST /whopaidlah/processImage HTTP/1.1[0m" 500 -
 * Detected change in 'C:\\Users\\ASUS\\Documents\\GitHub\\WhoPaidLah\\whopaidlah_backend\\main.py', reloading
 * Restarting with stat
 * Debugger is active!
 * Debugger PIN: 164-524-151
127.0.0.1 - - [22/Feb/2024 16:43:06] "[35m[1mPOST /whopaidlah/processImage HTTP/1.1[0m" 500 -
 * Detected change in 'C:\\Users\\ASUS\\Documents\\GitHub\\WhoPaidLah\\whopaidlah_backend\\main.py', reloading
 * Restarting with stat
[31m[1mWARNING: This is a development server. Do not use it in a production deployment. Use a production WSGI server instead.[0m
 * Running on http://127.0.0.1:5000
[33mPress CTRL+C to quit[0m
 * Restarting with stat
 * Debugger is active!
 * Debugger PIN: 164-524-151
127.0.0.1 - - [22/Feb/2024 16:43:42] "[35m[1mPOST /whopaidlah/processImage HTTP/1.1[0m" 201 -
127.0.0.1 - - [22/Feb/2024 16:44:47] "[35m[1mPOST /whopaidlah/processImage HTTP/1.1[0m" 201 -
 * Detected change in 'C:\\Users\\ASUS\\Documents\\GitHub\\WhoPaidLah\\whopaidlah_backend\\main.py', reloading
 * Restarting with stat
 * Debugger is active!
 * Debugger PIN: 164-524-151
 * Detected change in 'C:\\Users\\ASUS\\Documents\\GitHub\\WhoPaidLah\\whopaidlah_backend\\main.py', reloading
 * Restarting with stat
 * Debugger is active!
 * Debugger PIN: 164-524-151
127.0.0.1 - - [22/Feb/2024 16:46:13] "[35m[1mPOST /whopaidlah/processImage HTTP/1.1[0m" 201 -
 * Detected change in 'C:\\Users\\ASUS\\Documents\\GitHub\\WhoPaidLah\\whopaidlah_backend\\main.py', reloading
 * Restarting with stat
 * Debugger is active!
 * Debugger PIN: 164-524-151
 * Detected change in 'C:\\Users\\ASUS\\Documents\\GitHub\\WhoPaidLah\\whopaidlah_backend\\main.py', reloading
 * Restarting with stat
 * Debugger is active!
 * Debugger PIN: 164-524-151
127.0.0.1 - - [22/Feb/2024 16:47:30] "[35m[1mPOST /whopaidlah/processImage HTTP/1.1[0m" 201 -
127.0.0.1 - - [22/Feb/2024 16:47:40] "[35m[1mPOST /whopaidlah/processImage HTTP/1.1[0m" 201 -
[31m[1mWARNING: This is a development server. Do not use it in a production deployment. Use a production WSGI server instead.[0m
 * Running on http://127.0.0.1:5000
[33mPress CTRL+C to quit[0m
 * Restarting with stat
 * Debugger is active!
 * Debugger PIN: 164-524-151
[31m[1mWARNING: This is a development server. Do not use it in a production deployment. Use a production WSGI server instead.[0m
 * Running on http://127.0.0.1:5000
[33mPress CTRL+C to quit[0m
 * Restarting with stat
 * Debugger is active!
 * Debugger PIN: 164-524-151
127.0.0.1 - - [23/Feb/2024 11:58:01] "[35m[1mPOST /whopaidlah/processImage HTTP/1.1[0m" 201 -
 * Detected change in 'C:\\Users\\ASUS\\Documents\\GitHub\\WhoPaidLah\\whopaidlah_backend\\main.py', reloading
 * Restarting with stat
 * Debugger is active!
 * Debugger PIN: 164-524-151
 * Detected change in 'C:\\Users\\ASUS\\Documents\\GitHub\\WhoPaidLah\\whopaidlah_backend\\main.py', reloading
 * Restarting with stat
 * Debugger is active!
 * Debugger PIN: 164-524-151
 * Detected change in 'C:\\Users\\ASUS\\Documents\\GitHub\\WhoPaidLah\\whopaidlah_backend\\main.py', reloading
 * Restarting with stat
 * Debugger is active!
 * Debugger PIN: 164-524-151
127.0.0.1 - - [23/Feb/2024 11:59:07] "[35m[1mPOST /whopaidlah/processImage HTTP/1.1[0m" 201 -
 * Detected change in 'C:\\Users\\ASUS\\Documents\\GitHub\\WhoPaidLah\\whopaidlah_backend\\main.py', reloading
 * Restarting with stat
 * Debugger is active!
 * Debugger PIN: 164-524-151
127.0.0.1 - - [23/Feb/2024 12:00:09] "[35m[1mPOST /whopaidlah/processImage HTTP/1.1[0m" 201 -
 * Detected change in 'C:\\Users\\ASUS\\Documents\\GitHub\\WhoPaidLah\\whopaidlah_backend\\main.py', reloading
 * Restarting with stat
 * Debugger is active!
 * Debugger PIN: 164-524-151
127.0.0.1 - - [23/Feb/2024 12:04:28] "[35m[1mPOST /whopaidlah/processImage HTTP/1.1[0m" 201 -
 * Detected change in 'C:\\Users\\ASUS\\Documents\\GitHub\\WhoPaidLah\\whopaidlah_backend\\main.py', reloading
 * Restarting with stat
 * Debugger is active!
 * Debugger PIN: 164-524-151
127.0.0.1 - - [23/Feb/2024 12:05:02] "[35m[1mPOST /whopaidlah/processImage HTTP/1.1[0m" 201 -
 * Detected change in 'C:\\Users\\ASUS\\Documents\\GitHub\\WhoPaidLah\\whopaidlah_backend\\main.py', reloading
 * Restarting with stat
 * Debugger is active!
 * Debugger PIN: 164-524-151
 * Detected change in 'C:\\Users\\ASUS\\Documents\\GitHub\\WhoPaidLah\\whopaidlah_backend\\main.py', reloading
 * Restarting with stat
 * Debugger is active!
 * Debugger PIN: 164-524-151
127.0.0.1 - - [23/Feb/2024 12:05:40] "[35m[1mPOST /whopaidlah/processImage HTTP/1.1[0m" 201 -
 * Detected change in 'C:\\Users\\ASUS\\Documents\\GitHub\\WhoPaidLah\\whopaidlah_backend\\main.py', reloading
 * Restarting with stat
 * Debugger is active!
 * Debugger PIN: 164-524-151
[31m[1mWARNING: This is a development server. Do not use it in a production deployment. Use a production WSGI server instead.[0m
 * Running on http://127.0.0.1:5000
[33mPress CTRL+C to quit[0m
 * Restarting with stat
 * Debugger is active!
 * Debugger PIN: 395-722-195
 * Detected change in 'C:\\Users\\ASUS\\Documents\\GitHub\\WhoPaidLah\\whopaidlah_backend\\document_scanner\\google_vision_api.py', reloading
 * Restarting with stat
 * Debugger is active!
 * Debugger PIN: 395-722-195
 * Detected change in 'C:\\Users\\ASUS\\Documents\\GitHub\\WhoPaidLah\\whopaidlah_backend\\document_scanner\\google_vision_api.py', reloading
 * Restarting with stat
 * Debugger is active!
 * Debugger PIN: 395-722-195
 * Detected change in 'C:\\Users\\ASUS\\Documents\\GitHub\\WhoPaidLah\\whopaidlah_backend\\document_scanner\\google_vision_api.py', reloading
 * Restarting with stat
 * Debugger is active!
 * Debugger PIN: 395-722-195
 * Detected change in 'C:\\Users\\ASUS\\Documents\\GitHub\\WhoPaidLah\\whopaidlah_backend\\document_scanner\\google_vision_api.py', reloading
 * Restarting with stat
 * Debugger is active!
 * Debugger PIN: 395-722-195
 * Detected change in 'C:\\Users\\ASUS\\Documents\\GitHub\\WhoPaidLah\\whopaidlah_backend\\document_scanner\\google_vision_api.py', reloading
 * Restarting with stat
 * Debugger is active!
 * Debugger PIN: 395-722-195
 * Detected change in 'C:\\Users\\ASUS\\Documents\\GitHub\\WhoPaidLah\\whopaidlah_backend\\document_scanner\\google_vision_api.py', reloading
 * Restarting with stat
 * Debugger is active!
 * Debugger PIN: 395-722-195
 * Detected change in 'C:\\Users\\ASUS\\Documents\\GitHub\\WhoPaidLah\\whopaidlah_backend\\document_scanner\\google_vision_api.py', reloading
 * Restarting with stat
 * Debugger is active!
 * Debugger PIN: 395-722-195
 * Detected change in 'C:\\Users\\ASUS\\Documents\\GitHub\\WhoPaidLah\\whopaidlah_backend\\document_scanner\\google_vision_api.py', reloading
 * Restarting with stat
 * Debugger is active!
 * Debugger PIN: 395-722-195
 * Detected change in 'C:\\Users\\ASUS\\Documents\\GitHub\\WhoPaidLah\\whopaidlah_backend\\document_scanner\\google_vision_api.py', reloading
 * Restarting with stat
 * Debugger is active!
 * Debugger PIN: 395-722-195
 * Detected change in 'C:\\Users\\ASUS\\Documents\\GitHub\\WhoPaidLah\\whopaidlah_backend\\document_scanner\\google_vision_api.py', reloading
 * Restarting with stat
 * Debugger is active!
 * Debugger PIN: 395-722-195
[31m[1mWARNING: This is a development server. Do not use it in a production deployment. Use a production WSGI server instead.[0m
 * Running on http://127.0.0.1:5000
[33mPress CTRL+C to quit[0m
 * Restarting with stat
 * Debugger is active!
 * Debugger PIN: 395-722-195
127.0.0.1 - - [01/Mar/2024 17:36:52] "[35m[1mPOST /whopaidlah/processImage HTTP/1.1[0m" 500 -
 * Detected change in 'C:\\Users\\ASUS\\Documents\\GitHub\\WhoPaidLah\\whopaidlah_backend\\main.py', reloading
 * Restarting with stat
 * Debugger is active!
 * Debugger PIN: 395-722-195
127.0.0.1 - - [01/Mar/2024 17:38:34] "[35m[1mPOST /whopaidlah/processImage HTTP/1.1[0m" 500 -
 * Detected change in 'C:\\Users\\ASUS\\Documents\\GitHub\\WhoPaidLah\\whopaidlah_backend\\main.py', reloading
 * Restarting with stat
 * Debugger is active!
 * Debugger PIN: 395-722-195
 * Detected change in 'C:\\Users\\ASUS\\Documents\\GitHub\\WhoPaidLah\\whopaidlah_backend\\main.py', reloading
 * Restarting with stat
 * Debugger is active!
 * Debugger PIN: 395-722-195
 * Detected change in 'C:\\Users\\ASUS\\Documents\\GitHub\\WhoPaidLah\\whopaidlah_backend\\main.py', reloading
 * Restarting with stat
 * Debugger is active!
 * Debugger PIN: 395-722-195
[31m[1mWARNING: This is a development server. Do not use it in a production deployment. Use a production WSGI server instead.[0m
 * Running on http://127.0.0.1:5000
[33mPress CTRL+C to quit[0m
 * Restarting with stat
 * Debugger is active!
 * Debugger PIN: 395-722-195
 * Detected change in 'C:\\Users\\ASUS\\Documents\\GitHub\\WhoPaidLah\\whopaidlah_backend\\eden_ocr.py', reloading
 * Restarting with stat
 * Debugger is active!
 * Debugger PIN: 395-722-195
 * Detected change in 'C:\\Users\\ASUS\\Documents\\GitHub\\WhoPaidLah\\whopaidlah_backend\\eden_ocr.py', reloading
 * Restarting with stat
 * Debugger is active!
 * Debugger PIN: 395-722-195
 * Detected change in 'C:\\Users\\ASUS\\Documents\\GitHub\\WhoPaidLah\\whopaidlah_backend\\main.py', reloading
 * Restarting with stat
 * Debugger is active!
 * Debugger PIN: 395-722-195
 * Detected change in 'C:\\Users\\ASUS\\Documents\\GitHub\\WhoPaidLah\\whopaidlah_backend\\main.py', reloading
 * Restarting with stat
 * Debugger is active!
 * Debugger PIN: 395-722-195
 * Detected change in 'C:\\Users\\ASUS\\Documents\\GitHub\\WhoPaidLah\\whopaidlah_backend\\main.py', reloading
 * Restarting with stat
[31m[1mWARNING: This is a development server. Do not use it in a production deployment. Use a production WSGI server instead.[0m
 * Running on http://127.0.0.1:5000
[33mPress CTRL+C to quit[0m
 * Restarting with stat
 * Debugger is active!
 * Debugger PIN: 395-722-195
127.0.0.1 - - [04/Mar/2024 09:51:59] "[35m[1mPOST /whopaidlah/processImage HTTP/1.1[0m" 201 -
 * Detected change in 'C:\\Users\\ASUS\\Documents\\GitHub\\WhoPaidLah\\whopaidlah_backend\\eden_ocr.py', reloading
 * Restarting with stat
 * Debugger is active!
 * Debugger PIN: 395-722-195
 * Detected change in 'C:\\Users\\ASUS\\Documents\\GitHub\\WhoPaidLah\\whopaidlah_backend\\eden_ocr.py', reloading
 * Restarting with stat
 * Debugger is active!
 * Debugger PIN: 395-722-195
 * Detected change in 'C:\\Users\\ASUS\\Documents\\GitHub\\WhoPaidLah\\whopaidlah_backend\\eden_ocr.py', reloading
 * Restarting with stat
 * Debugger is active!
 * Debugger PIN: 395-722-195
 * Detected change in 'C:\\Users\\ASUS\\Documents\\GitHub\\WhoPaidLah\\whopaidlah_backend\\main.py', reloading
 * Restarting with stat
 * Debugger is active!
 * Debugger PIN: 395-722-195
 * Detected change in 'C:\\Users\\ASUS\\Documents\\GitHub\\WhoPaidLah\\whopaidlah_backend\\main.py', reloading
 * Restarting with stat
 * Debugger is active!
 * Debugger PIN: 395-722-195
 * Detected change in 'C:\\Users\\ASUS\\Documents\\GitHub\\WhoPaidLah\\whopaidlah_backend\\main.py', reloading
 * Restarting with stat
 * Debugger is active!
 * Debugger PIN: 395-722-195
 * Detected change in 'C:\\Users\\ASUS\\Documents\\GitHub\\WhoPaidLah\\whopaidlah_backend\\main.py', reloading
 * Restarting with stat
 * Debugger is active!
 * Debugger PIN: 395-722-195
[31m[1mWARNING: This is a development server. Do not use it in a production deployment. Use a production WSGI server instead.[0m
 * Running on http://127.0.0.1:5000
[33mPress CTRL+C to quit[0m
 * Restarting with stat
 * Debugger is active!
 * Debugger PIN: 395-722-195
 * Detected change in 'C:\\Users\\ASUS\\Documents\\GitHub\\WhoPaidLah\\whopaidlah_backend\\eden_ocr.py', reloading
 * Restarting with stat
 * Debugger is active!
 * Debugger PIN: 395-722-195
[31m[1mWARNING: This is a development server. Do not use it in a production deployment. Use a production WSGI server instead.[0m
 * Running on http://127.0.0.1:5000
[33mPress CTRL+C to quit[0m
 * Restarting with stat
 * Debugger is active!
 * Debugger PIN: 126-303-450
 * Detected change in 'C:\\Users\\stephen\\Dropbox\\PC\\Documents\\GitHub_Repos\\WhoPaidLah\\whopaidlah_backend\\eden_ocr.py', reloading
 * Restarting with stat
[31m[1mWARNING: This is a development server. Do not use it in a production deployment. Use a production WSGI server instead.[0m
 * Running on http://127.0.0.1:5000
[33mPress CTRL+C to quit[0m
 * Restarting with stat
 * Debugger is active!
 * Debugger PIN: 126-303-450
 * Detected change in 'C:\\Users\\stephen\\Dropbox\\PC\\Documents\\GitHub_Repos\\WhoPaidLah\\whopaidlah_backend\\eden_ocr.py', reloading
 * Restarting with stat
 * Debugger is active!
 * Debugger PIN: 126-303-450
 * Detected change in 'C:\\Users\\stephen\\Dropbox\\PC\\Documents\\GitHub_Repos\\WhoPaidLah\\whopaidlah_backend\\eden_ocr.py', reloading
 * Restarting with stat
 * Debugger is active!
 * Debugger PIN: 126-303-450
 * Detected change in 'C:\\Users\\stephen\\Dropbox\\PC\\Documents\\GitHub_Repos\\WhoPaidLah\\whopaidlah_backend\\eden_ocr.py', reloading
 * Restarting with stat
 * Debugger is active!
 * Debugger PIN: 126-303-450
 * Detected change in 'C:\\Users\\stephen\\Dropbox\\PC\\Documents\\GitHub_Repos\\WhoPaidLah\\whopaidlah_backend\\eden_ocr.py', reloading
 * Restarting with stat
 * Debugger is active!
 * Debugger PIN: 126-303-450
[31m[1mWARNING: This is a development server. Do not use it in a production deployment. Use a production WSGI server instead.[0m
 * Running on http://127.0.0.1:5000
[33mPress CTRL+C to quit[0m
 * Restarting with stat
 * Debugger is active!
 * Debugger PIN: 126-303-450
 * Detected change in 'C:\\Users\\stephen\\Dropbox\\PC\\Documents\\GitHub_Repos\\WhoPaidLah\\whopaidlah_backend\\eden_ocr.py', reloading
 * Restarting with stat
[31m[1mWARNING: This is a development server. Do not use it in a production deployment. Use a production WSGI server instead.[0m
 * Running on http://127.0.0.1:5000
[33mPress CTRL+C to quit[0m
 * Restarting with stat
 * Debugger is active!
 * Debugger PIN: 126-303-450
 * Detected change in 'C:\\Users\\stephen\\Dropbox\\PC\\Documents\\GitHub_Repos\\WhoPaidLah\\whopaidlah_backend\\eden_ocr.py', reloading
 * Restarting with stat
[31m[1mWARNING: This is a development server. Do not use it in a production deployment. Use a production WSGI server instead.[0m
 * Running on http://127.0.0.1:5000
[33mPress CTRL+C to quit[0m
 * Restarting with stat
 * Debugger is active!
 * Debugger PIN: 126-303-450
[31m[1mWARNING: This is a development server. Do not use it in a production deployment. Use a production WSGI server instead.[0m
 * Running on http://127.0.0.1:5000
[33mPress CTRL+C to quit[0m
 * Restarting with stat
 * Debugger is active!
 * Debugger PIN: 126-303-450
[31m[1mWARNING: This is a development server. Do not use it in a production deployment. Use a production WSGI server instead.[0m
 * Running on http://127.0.0.1:5000
[33mPress CTRL+C to quit[0m
 * Restarting with stat
 * Debugger is active!
 * Debugger PIN: 126-303-450
 * Detected change in 'C:\\Users\\stephen\\Dropbox\\PC\\Documents\\GitHub_Repos\\WhoPaidLah\\whopaidlah_backend\\eden_ocr.py', reloading
 * Restarting with stat
 * Debugger is active!
 * Debugger PIN: 126-303-450
 * Detected change in 'C:\\Users\\stephen\\Dropbox\\PC\\Documents\\GitHub_Repos\\WhoPaidLah\\whopaidlah_backend\\eden_ocr.py', reloading
 * Restarting with stat
 * Debugger is active!
 * Debugger PIN: 126-303-450
main.py : ProcessImage Failed. amazon
127.0.0.1 - - [20/Apr/2024 18:55:33] "[35m[1mPOST /whopaidlah/processImage HTTP/1.1[0m" 500 -
[31m[1mWARNING: This is a development server. Do not use it in a production deployment. Use a production WSGI server instead.[0m
 * Running on http://127.0.0.1:5000
[33mPress CTRL+C to quit[0m
 * Restarting with stat
 * Debugger is active!
 * Debugger PIN: 126-303-450
 * Detected change in 'C:\\Users\\stephen\\Dropbox\\PC\\Documents\\GitHub_Repos\\WhoPaidLah\\whopaidlah_backend\\eden_ocr.py', reloading
 * Restarting with stat
 * Debugger is active!
 * Debugger PIN: 126-303-450
main.py : ProcessImage Failed. amazon
127.0.0.1 - - [20/Apr/2024 18:57:38] "[35m[1mPOST /whopaidlah/processImage HTTP/1.1[0m" 500 -
 * Detected change in 'C:\\Users\\stephen\\Dropbox\\PC\\Documents\\GitHub_Repos\\WhoPaidLah\\whopaidlah_backend\\eden_ocr.py', reloading
 * Restarting with stat
 * Debugger is active!
 * Debugger PIN: 126-303-450
[31m[1mWARNING: This is a development server. Do not use it in a production deployment. Use a production WSGI server instead.[0m
 * Running on http://127.0.0.1:5000
[33mPress CTRL+C to quit[0m
 * Restarting with stat
 * Debugger is active!
 * Debugger PIN: 126-303-450
main.py : ProcessImage Failed. amazon
127.0.0.1 - - [20/Apr/2024 19:02:34] "[35m[1mPOST /whopaidlah/processImage HTTP/1.1[0m" 500 -
 * Detected change in 'C:\\Users\\stephen\\Dropbox\\PC\\Documents\\GitHub_Repos\\WhoPaidLah\\whopaidlah_backend\\eden_ocr.py', reloading
 * Restarting with stat
[31m[1mWARNING: This is a development server. Do not use it in a production deployment. Use a production WSGI server instead.[0m
 * Running on http://127.0.0.1:5000
[33mPress CTRL+C to quit[0m
 * Restarting with stat
 * Debugger is active!
 * Debugger PIN: 126-303-450
127.0.0.1 - - [20/Apr/2024 19:29:49] "[35m[1mPOST /whopaidlah/processImage HTTP/1.1[0m" 201 -
 * Detected change in 'C:\\Users\\stephen\\Dropbox\\PC\\Documents\\GitHub_Repos\\WhoPaidLah\\whopaidlah_backend\\eden_ocr.py', reloading
 * Restarting with stat
 * Debugger is active!
 * Debugger PIN: 126-303-450
127.0.0.1 - - [20/Apr/2024 22:28:44] "[35m[1mPOST /whopaidlah/processImage HTTP/1.1[0m" 201 -
127.0.0.1 - - [20/Apr/2024 23:34:36] "[35m[1mPOST /whopaidlah/processImage HTTP/1.1[0m" 201 -
[31m[1mWARNING: This is a development server. Do not use it in a production deployment. Use a production WSGI server instead.[0m
 * Running on http://127.0.0.1:5000
[33mPress CTRL+C to quit[0m
 * Restarting with stat
 * Debugger is active!
 * Debugger PIN: 126-303-450
127.0.0.1 - - [20/Apr/2024 23:38:39] "[35m[1mPOST /whopaidlah/processImage HTTP/1.1[0m" 201 -
127.0.0.1 - - [20/Apr/2024 23:40:33] "[35m[1mPOST /whopaidlah/processImage HTTP/1.1[0m" 201 -
 * Detected change in 'C:\\Users\\stephen\\Dropbox\\PC\\Documents\\GitHub_Repos\\WhoPaidLah\\whopaidlah_backend\\eden_ocr.py', reloading
 * Restarting with stat
 * Debugger is active!
 * Debugger PIN: 126-303-450
 * Detected change in 'C:\\Users\\stephen\\Dropbox\\PC\\Documents\\GitHub_Repos\\WhoPaidLah\\whopaidlah_backend\\eden_ocr.py', reloading
 * Restarting with stat
 * Debugger is active!
 * Debugger PIN: 126-303-450
 * Detected change in 'C:\\Users\\stephen\\Dropbox\\PC\\Documents\\GitHub_Repos\\WhoPaidLah\\whopaidlah_backend\\main.py', reloading
 * Restarting with stat
 * Debugger is active!
 * Debugger PIN: 126-303-450
[31m[1mWARNING: This is a development server. Do not use it in a production deployment. Use a production WSGI server instead.[0m
 * Running on http://127.0.0.1:5000
[33mPress CTRL+C to quit[0m
 * Restarting with stat
 * Debugger is active!
 * Debugger PIN: 126-303-450
127.0.0.1 - - [20/Apr/2024 23:45:45] "[35m[1mPOST /whopaidlah/processImage HTTP/1.1[0m" 201 -
[31m[1mWARNING: This is a development server. Do not use it in a production deployment. Use a production WSGI server instead.[0m
 * Running on http://127.0.0.1:5000
[33mPress CTRL+C to quit[0m
 * Restarting with stat
 * Debugger is active!
 * Debugger PIN: 126-303-450
127.0.0.1 - - [20/Apr/2024 23:47:58] "[35m[1mPOST /whopaidlah/processImage HTTP/1.1[0m" 201 -
[31m[1mWARNING: This is a development server. Do not use it in a production deployment. Use a production WSGI server instead.[0m
 * Running on http://127.0.0.1:5000
[33mPress CTRL+C to quit[0m
 * Restarting with stat
 * Debugger is active!
 * Debugger PIN: 126-303-450
127.0.0.1 - - [20/Apr/2024 23:49:25] "[35m[1mPOST /whopaidlah/processImage HTTP/1.1[0m" 201 -
 * Detected change in 'C:\\Users\\stephen\\Dropbox\\PC\\Documents\\GitHub_Repos\\WhoPaidLah\\whopaidlah_backend\\main.py', reloading
 * Restarting with stat
[31m[1mWARNING: This is a development server. Do not use it in a production deployment. Use a production WSGI server instead.[0m
 * Running on http://127.0.0.1:5000
[33mPress CTRL+C to quit[0m
 * Restarting with stat
 * Debugger is active!
 * Debugger PIN: 126-303-450
127.0.0.1 - - [20/Apr/2024 23:50:19] "[35m[1mPOST /whopaidlah/processImage HTTP/1.1[0m" 201 -
 * Detected change in 'C:\\Users\\stephen\\Dropbox\\PC\\Documents\\GitHub_Repos\\WhoPaidLah\\whopaidlah_backend\\main.py', reloading
 * Restarting with stat
 * Debugger is active!
 * Debugger PIN: 126-303-450
[31m[1mWARNING: This is a development server. Do not use it in a production deployment. Use a production WSGI server instead.[0m
 * Running on http://127.0.0.1:5000
[33mPress CTRL+C to quit[0m
 * Restarting with stat
 * Debugger is active!
 * Debugger PIN: 126-303-450
127.0.0.1 - - [20/Apr/2024 23:54:00] "[35m[1mPOST /whopaidlah/processImage HTTP/1.1[0m" 201 -
127.0.0.1 - - [20/Apr/2024 23:55:25] "[35m[1mPOST /whopaidlah/processImage HTTP/1.1[0m" 201 -
127.0.0.1 - - [20/Apr/2024 23:57:34] "[35m[1mPOST /whopaidlah/processImage HTTP/1.1[0m" 201 -
[31m[1mWARNING: This is a development server. Do not use it in a production deployment. Use a production WSGI server instead.[0m
 * Running on http://127.0.0.1:5000
[33mPress CTRL+C to quit[0m
 * Restarting with stat
 * Debugger is active!
 * Debugger PIN: 126-303-450
127.0.0.1 - - [21/Apr/2024 15:03:38] "[35m[1mPOST /whopaidlah/processImage HTTP/1.1[0m" 201 -
127.0.0.1 - - [21/Apr/2024 19:29:37] "[35m[1mPOST /whopaidlah/processImage HTTP/1.1[0m" 201 -
127.0.0.1 - - [21/Apr/2024 22:51:48] "[35m[1mPOST /whopaidlah/processImage HTTP/1.1[0m" 201 -
[31m[1mWARNING: This is a development server. Do not use it in a production deployment. Use a production WSGI server instead.[0m
 * Running on http://127.0.0.1:5000
[33mPress CTRL+C to quit[0m
 * Restarting with stat
 * Debugger is active!
 * Debugger PIN: 395-722-195
[31m[1mWARNING: This is a development server. Do not use it in a production deployment. Use a production WSGI server instead.[0m
 * Running on http://127.0.0.1:5000
[33mPress CTRL+C to quit[0m
 * Restarting with stat
 * Debugger is active!
 * Debugger PIN: 126-303-450
127.0.0.1 - - [23/Apr/2024 00:08:35] "[35m[1mPOST /whopaidlah/processImage HTTP/1.1[0m" 201 -
[31m[1mWARNING: This is a development server. Do not use it in a production deployment. Use a production WSGI server instead.[0m
 * Running on http://127.0.0.1:5000
[33mPress CTRL+C to quit[0m
 * Restarting with stat
 * Debugger is active!
 * Debugger PIN: 395-722-195
main.py : ProcessImage Failed. HTTPSConnectionPool(host='api.edenai.run', port=443): Max retries exceeded with url: /v2/ocr/financial_parser (Caused by SSLError(SSLCertVerificationError(1, '[SSL: CERTIFICATE_VERIFY_FAILED] certificate verify failed: unable to get local issuer certificate (_ssl.c:1006)')))
127.0.0.1 - - [23/Apr/2024 13:26:53] "[35m[1mPOST /whopaidlah/processImage HTTP/1.1[0m" 500 -
main.py : ProcessImage Failed. HTTPSConnectionPool(host='api.edenai.run', port=443): Max retries exceeded with url: /v2/ocr/financial_parser (Caused by SSLError(SSLCertVerificationError(1, '[SSL: CERTIFICATE_VERIFY_FAILED] certificate verify failed: unable to get local issuer certificate (_ssl.c:1006)')))
127.0.0.1 - - [23/Apr/2024 13:27:17] "[35m[1mPOST /whopaidlah/processImage HTTP/1.1[0m" 500 -
[31m[1mWARNING: This is a development server. Do not use it in a production deployment. Use a production WSGI server instead.[0m
 * Running on http://127.0.0.1:5000
[33mPress CTRL+C to quit[0m
 * Restarting with stat
 * Debugger is active!
 * Debugger PIN: 395-722-195
main.py : ProcessImage Failed. HTTPSConnectionPool(host='api.edenai.run', port=443): Max retries exceeded with url: /v2/ocr/financial_parser (Caused by SSLError(SSLCertVerificationError(1, '[SSL: CERTIFICATE_VERIFY_FAILED] certificate verify failed: unable to get local issuer certificate (_ssl.c:1006)')))
127.0.0.1 - - [23/Apr/2024 13:28:07] "[35m[1mPOST /whopaidlah/processImage HTTP/1.1[0m" 500 -
[31m[1mWARNING: This is a development server. Do not use it in a production deployment. Use a production WSGI server instead.[0m
 * Running on http://127.0.0.1:5000
[33mPress CTRL+C to quit[0m
 * Restarting with stat
 * Debugger is active!
 * Debugger PIN: 395-722-195
main.py : ProcessImage Failed. HTTPSConnectionPool(host='api.edenai.run', port=443): Max retries exceeded with url: /v2/ocr/financial_parser (Caused by SSLError(SSLCertVerificationError(1, '[SSL: CERTIFICATE_VERIFY_FAILED] certificate verify failed: unable to get local issuer certificate (_ssl.c:1006)')))
127.0.0.1 - - [23/Apr/2024 13:29:15] "[35m[1mPOST /whopaidlah/processImage HTTP/1.1[0m" 500 -
[31m[1mWARNING: This is a development server. Do not use it in a production deployment. Use a production WSGI server instead.[0m
 * Running on http://127.0.0.1:5000
[33mPress CTRL+C to quit[0m
 * Restarting with stat
 * Debugger is active!
 * Debugger PIN: 395-722-195
main.py : ProcessImage Failed. HTTPSConnectionPool(host='api.edenai.run', port=443): Max retries exceeded with url: /v2/ocr/financial_parser (Caused by SSLError(SSLCertVerificationError(1, '[SSL: CERTIFICATE_VERIFY_FAILED] certificate verify failed: unable to get local issuer certificate (_ssl.c:1006)')))
127.0.0.1 - - [23/Apr/2024 13:29:36] "[35m[1mPOST /whopaidlah/processImage HTTP/1.1[0m" 500 -
[31m[1mWARNING: This is a development server. Do not use it in a production deployment. Use a production WSGI server instead.[0m
 * Running on http://127.0.0.1:5000
[33mPress CTRL+C to quit[0m
 * Restarting with stat
 * Debugger is active!
 * Debugger PIN: 395-722-195
main.py : ProcessImage Failed. HTTPSConnectionPool(host='api.edenai.run', port=443): Max retries exceeded with url: /v2/ocr/financial_parser (Caused by SSLError(SSLCertVerificationError(1, '[SSL: CERTIFICATE_VERIFY_FAILED] certificate verify failed: unable to get local issuer certificate (_ssl.c:1006)')))
127.0.0.1 - - [23/Apr/2024 13:35:00] "[35m[1mPOST /whopaidlah/processImage HTTP/1.1[0m" 500 -
[31m[1mWARNING: This is a development server. Do not use it in a production deployment. Use a production WSGI server instead.[0m
 * Running on http://127.0.0.1:5000
[33mPress CTRL+C to quit[0m
 * Restarting with stat
 * Debugger is active!
 * Debugger PIN: 395-722-195
127.0.0.1 - - [23/Apr/2024 13:35:44] "[35m[1mPOST /whopaidlah/processImage HTTP/1.1[0m" 201 -
127.0.0.1 - - [23/Apr/2024 13:36:50] "[35m[1mPOST /whopaidlah/processImage HTTP/1.1[0m" 201 -
127.0.0.1 - - [23/Apr/2024 13:38:31] "[35m[1mPOST /whopaidlah/processImage HTTP/1.1[0m" 201 -
 * Detected change in 'C:\\Users\\ASUS\\Documents\\GitHub\\WhoPaidLah\\whopaidlah_backend\\main.py', reloading
 * Restarting with stat
 * Debugger is active!
 * Debugger PIN: 395-722-195
 * Detected change in 'C:\\Users\\ASUS\\Documents\\GitHub\\WhoPaidLah\\whopaidlah_backend\\main.py', reloading
 * Restarting with stat
 * Debugger is active!
 * Debugger PIN: 395-722-195
[31m[1mWARNING: This is a development server. Do not use it in a production deployment. Use a production WSGI server instead.[0m
 * Running on http://127.0.0.1:5000
[33mPress CTRL+C to quit[0m
 * Restarting with stat
 * Debugger is active!
 * Debugger PIN: 126-303-450
127.0.0.1 - - [24/Apr/2024 23:55:57] "[35m[1mPOST /whopaidlah/processImage HTTP/1.1[0m" 201 -
127.0.0.1 - - [25/Apr/2024 00:19:42] "[35m[1mPOST /whopaidlah/processImage HTTP/1.1[0m" 201 -
127.0.0.1 - - [25/Apr/2024 00:27:48] "[35m[1mPOST /whopaidlah/processImage HTTP/1.1[0m" 201 -
127.0.0.1 - - [25/Apr/2024 00:29:18] "[35m[1mPOST /whopaidlah/processImage HTTP/1.1[0m" 201 -
[31m[1mWARNING: This is a development server. Do not use it in a production deployment. Use a production WSGI server instead.[0m
 * Running on http://127.0.0.1:5000
[33mPress CTRL+C to quit[0m
 * Restarting with stat
 * Debugger is active!
 * Debugger PIN: 126-303-450
127.0.0.1 - - [25/Apr/2024 00:31:58] "[35m[1mPOST /whopaidlah/processImage HTTP/1.1[0m" 201 -
 * Detected change in 'C:\\Users\\stephen\\Dropbox\\PC\\Documents\\GitHub_Repos\\WhoPaidLah\\whopaidlah_backend\\eden_ocr.py', reloading
 * Restarting with stat
 * Debugger is active!
 * Debugger PIN: 126-303-450
[31m[1mWARNING: This is a development server. Do not use it in a production deployment. Use a production WSGI server instead.[0m
 * Running on http://127.0.0.1:5000
[33mPress CTRL+C to quit[0m
 * Restarting with stat
 * Debugger is active!
 * Debugger PIN: 126-303-450
127.0.0.1 - - [25/Apr/2024 00:34:14] "[35m[1mPOST /whopaidlah/processImage HTTP/1.1[0m" 201 -
127.0.0.1 - - [25/Apr/2024 00:37:02] "[35m[1mPOST /whopaidlah/processImage HTTP/1.1[0m" 201 -
127.0.0.1 - - [25/Apr/2024 00:40:25] "[35m[1mPOST /whopaidlah/processImage HTTP/1.1[0m" 201 -
[31m[1mWARNING: This is a development server. Do not use it in a production deployment. Use a production WSGI server instead.[0m
 * Running on http://127.0.0.1:5000
[33mPress CTRL+C to quit[0m
 * Restarting with stat
 * Debugger is active!
 * Debugger PIN: 164-524-151
127.0.0.1 - - [25/Apr/2024 10:31:58] "[35m[1mPOST /whopaidlah/processImage HTTP/1.1[0m" 201 -
127.0.0.1 - - [25/Apr/2024 10:55:47] "[35m[1mPOST /whopaidlah/processImage HTTP/1.1[0m" 201 -
 * Detected change in 'C:\\Users\\ASUS\\Documents\\GitHub\\WhoPaidLah\\whopaidlah_backend\\eden_ocr.py', reloading
 * Restarting with stat
 * Debugger is active!
 * Debugger PIN: 164-524-151
127.0.0.1 - - [25/Apr/2024 11:31:37] "[35m[1mPOST /whopaidlah/processImage HTTP/1.1[0m" 201 -
127.0.0.1 - - [25/Apr/2024 12:06:53] "[35m[1mPOST /whopaidlah/processImage HTTP/1.1[0m" 201 -
127.0.0.1 - - [25/Apr/2024 12:10:32] "[35m[1mPOST /whopaidlah/processImage HTTP/1.1[0m" 201 -
127.0.0.1 - - [25/Apr/2024 12:22:41] "[35m[1mPOST /whopaidlah/processImage HTTP/1.1[0m" 201 -
127.0.0.1 - - [25/Apr/2024 12:32:33] "[35m[1mPOST /whopaidlah/processImage HTTP/1.1[0m" 201 -
main.py : ProcessImage Failed. HTTPSConnectionPool(host='api.edenai.run', port=443): Max retries exceeded with url: /v2/ocr/financial_parser (Caused by SSLError(SSLCertVerificationError(1, '[SSL: CERTIFICATE_VERIFY_FAILED] certificate verify failed: unable to get local issuer certificate (_ssl.c:1006)')))
127.0.0.1 - - [25/Apr/2024 14:26:15] "[35m[1mPOST /whopaidlah/processImage HTTP/1.1[0m" 500 -
[31m[1mWARNING: This is a development server. Do not use it in a production deployment. Use a production WSGI server instead.[0m
 * Running on http://127.0.0.1:5000
[33mPress CTRL+C to quit[0m
 * Restarting with stat
 * Debugger is active!
 * Debugger PIN: 164-524-151
main.py : ProcessImage Failed. HTTPSConnectionPool(host='api.edenai.run', port=443): Max retries exceeded with url: /v2/ocr/financial_parser (Caused by SSLError(SSLCertVerificationError(1, '[SSL: CERTIFICATE_VERIFY_FAILED] certificate verify failed: unable to get local issuer certificate (_ssl.c:1006)')))
127.0.0.1 - - [25/Apr/2024 14:26:49] "[35m[1mPOST /whopaidlah/processImage HTTP/1.1[0m" 500 -
 * Detected change in 'C:\\Users\\ASUS\\Documents\\GitHub\\WhoPaidLah\\whopaidlah_backend\\main.py', reloading
 * Restarting with stat
[31m[1mWARNING: This is a development server. Do not use it in a production deployment. Use a production WSGI server instead.[0m
 * Running on http://127.0.0.1:5000
[33mPress CTRL+C to quit[0m
 * Restarting with stat
 * Debugger is active!
 * Debugger PIN: 164-524-151
main.py : ProcessImage Failed. HTTPSConnectionPool(host='api.edenai.run', port=443): Max retries exceeded with url: /v2/ocr/financial_parser (Caused by SSLError(SSLCertVerificationError(1, '[SSL: CERTIFICATE_VERIFY_FAILED] certificate verify failed: unable to get local issuer certificate (_ssl.c:1006)')))
127.0.0.1 - - [25/Apr/2024 14:27:37] "[35m[1mPOST /whopaidlah/processImage HTTP/1.1[0m" 500 -
[31m[1mWARNING: This is a development server. Do not use it in a production deployment. Use a production WSGI server instead.[0m
 * Running on http://127.0.0.1:5000
[33mPress CTRL+C to quit[0m
 * Restarting with stat
 * Debugger is active!
 * Debugger PIN: 164-524-151
127.0.0.1 - - [25/Apr/2024 14:32:29] "[35m[1mPOST /whopaidlah/processImage HTTP/1.1[0m" 201 -
127.0.0.1 - - [25/Apr/2024 14:55:09] "[35m[1mPOST /whopaidlah/processImage HTTP/1.1[0m" 201 -
127.0.0.1 - - [25/Apr/2024 15:02:47] "[35m[1mPOST /whopaidlah/processImage HTTP/1.1[0m" 201 -
127.0.0.1 - - [25/Apr/2024 15:13:35] "[35m[1mPOST /whopaidlah/processImage HTTP/1.1[0m" 201 -
127.0.0.1 - - [25/Apr/2024 15:20:08] "[35m[1mPOST /whopaidlah/processImage HTTP/1.1[0m" 201 -
127.0.0.1 - - [25/Apr/2024 15:25:07] "[35m[1mPOST /whopaidlah/processImage HTTP/1.1[0m" 201 -
[31m[1mWARNING: This is a development server. Do not use it in a production deployment. Use a production WSGI server instead.[0m
 * Running on http://127.0.0.1:5000
[33mPress CTRL+C to quit[0m
 * Restarting with stat
 * Debugger is active!
 * Debugger PIN: 126-303-450
127.0.0.1 - - [25/Apr/2024 23:56:02] "[35m[1mPOST /whopaidlah/processImage HTTP/1.1[0m" 201 -
[31m[1mWARNING: This is a development server. Do not use it in a production deployment. Use a production WSGI server instead.[0m
 * Running on http://127.0.0.1:5000
[33mPress CTRL+C to quit[0m
 * Restarting with stat
 * Debugger is active!
 * Debugger PIN: 126-303-450
127.0.0.1 - - [27/Apr/2024 12:36:10] "[35m[1mPOST /whopaidlah/processImage HTTP/1.1[0m" 201 -
127.0.0.1 - - [27/Apr/2024 19:03:54] "[35m[1mPOST /whopaidlah/processImage HTTP/1.1[0m" 201 -
127.0.0.1 - - [27/Apr/2024 20:48:15] "[35m[1mPOST /whopaidlah/processImage HTTP/1.1[0m" 201 -
127.0.0.1 - - [27/Apr/2024 23:34:18] "[35m[1mPOST /whopaidlah/processImage HTTP/1.1[0m" 201 -
[31m[1mWARNING: This is a development server. Do not use it in a production deployment. Use a production WSGI server instead.[0m
 * Running on http://127.0.0.1:5000
[33mPress CTRL+C to quit[0m
 * Restarting with stat
 * Debugger is active!
 * Debugger PIN: 126-303-450
127.0.0.1 - - [06/Jul/2024 15:01:12] "[35m[1mPOST /whopaidlah/processImage HTTP/1.1[0m" 201 -
127.0.0.1 - - [06/Jul/2024 15:05:32] "[35m[1mPOST /whopaidlah/processImage HTTP/1.1[0m" 201 -
[31m[1mWARNING: This is a development server. Do not use it in a production deployment. Use a production WSGI server instead.[0m
 * Running on http://127.0.0.1:5000
[33mPress CTRL+C to quit[0m
 * Restarting with stat
 * Debugger is active!
 * Debugger PIN: 129-456-589
127.0.0.1 - - [07/Aug/2024 23:25:41] "[35m[1mPOST /whopaidlah/processImage HTTP/1.1[0m" 201 -
[31m[1mWARNING: This is a development server. Do not use it in a production deployment. Use a production WSGI server instead.[0m
 * Running on http://127.0.0.1:5000
[33mPress CTRL+C to quit[0m
 * Restarting with stat
 * Debugger is active!
 * Debugger PIN: 129-456-589
[31m[1mWARNING: This is a development server. Do not use it in a production deployment. Use a production WSGI server instead.[0m
 * Running on http://127.0.0.1:5000
[33mPress CTRL+C to quit[0m
 * Restarting with stat
 * Debugger is active!
 * Debugger PIN: 129-456-589
[31m[1mWARNING: This is a development server. Do not use it in a production deployment. Use a production WSGI server instead.[0m
 * Running on http://127.0.0.1:5000
[33mPress CTRL+C to quit[0m
 * Restarting with stat
 * Debugger is active!
 * Debugger PIN: 129-456-589
